<?xml version="1.0" encoding="UTF-8"?>
<testng-results ignored="0" total="2" passed="2" failed="0" skipped="0">
  <reporter-output>
  </reporter-output>
  <suite started-at="2022-09-23T12:58:33 IST" name="Default suite" finished-at="2022-09-23T12:58:36 IST" duration-ms="2520">
    <groups>
      <group name="cucumber">
        <method signature="AbstractTestNGCucumberTests.runScenario(io.cucumber.testng.PickleWrapper,io.cucumber.testng.FeatureWrapper)[pri:0, instance:runners.CrmRunner@689604d9]" name="runScenario" class="io.cucumber.testng.AbstractTestNGCucumberTests"/>
      </group> <!-- cucumber -->
    </groups>
    <test started-at="2022-09-23T12:58:33 IST" name="Default test" finished-at="2022-09-23T12:58:36 IST" duration-ms="2520">
      <class name="runners.CrmRunner">
        <test-method is-config="true" signature="setUpClass(org.testng.ITestContext)[pri:0, instance:runners.CrmRunner@689604d9]" started-at="2022-09-23T12:58:33 IST" name="setUpClass" finished-at="2022-09-23T12:58:34 IST" duration-ms="659" status="PASS">
          <params>
            <param index="0">
              <value>
                <![CDATA[org.testng.TestRunner@75b3673]]>
              </value>
            </param>
          </params>
          <reporter-output>
          </reporter-output>
        </test-method> <!-- setUpClass -->
        <test-method signature="runScenario(io.cucumber.testng.PickleWrapper,io.cucumber.testng.FeatureWrapper)[pri:0, instance:runners.CrmRunner@689604d9]" started-at="2022-09-23T12:58:34 IST" name="runScenario" description="Runs Cucumber Scenarios" data-provider="scenarios" finished-at="2022-09-23T12:58:34 IST" duration-ms="89" status="PASS">
          <params>
            <param index="0">
              <value>
                <![CDATA["Create a new Deals"]]>
              </value>
            </param>
            <param index="1">
              <value>
                <![CDATA["Deals Management"]]>
              </value>
            </param>
          </params>
          <reporter-output>
          </reporter-output>
        </test-method> <!-- runScenario -->
        <test-method signature="runScenario(io.cucumber.testng.PickleWrapper,io.cucumber.testng.FeatureWrapper)[pri:0, instance:runners.CrmRunner@689604d9]" started-at="2022-09-23T12:58:34 IST" name="runScenario" description="Runs Cucumber Scenarios" data-provider="scenarios" finished-at="2022-09-23T12:58:34 IST" duration-ms="15" status="PASS">
          <params>
            <param index="0">
              <value>
                <![CDATA["View Deals"]]>
              </value>
            </param>
            <param index="1">
              <value>
                <![CDATA["Deals Management"]]>
              </value>
            </param>
          </params>
          <reporter-output>
          </reporter-output>
        </test-method> <!-- runScenario -->
        <test-method is-config="true" signature="tearDownClass()[pri:0, instance:runners.CrmRunner@689604d9]" started-at="2022-09-23T12:58:34 IST" name="tearDownClass" finished-at="2022-09-23T12:58:36 IST" duration-ms="1712" status="PASS">
          <reporter-output>
          </reporter-output>
        </test-method> <!-- tearDownClass -->
      </class> <!-- runners.CrmRunner -->
    </test> <!-- Default test -->
  </suite> <!-- Default suite -->
</testng-results>
